<?xml version="1.0" encoding="UTF-8"?>
<testng-results skipped="0" failed="0" ignored="0" total="2" passed="2">
  <reporter-output>
  </reporter-output>
  <suite name="Default suite" duration-ms="146" started-at="2018-02-07T17:21:35Z" finished-at="2018-02-07T17:21:35Z">
    <groups>
    </groups>
    <test name="Default test" duration-ms="146" started-at="2018-02-07T17:21:35Z" finished-at="2018-02-07T17:21:35Z">
      <class name="com.CheckingOrder">
        <test-method status="PASS" signature="beforeSuite()[pri:0, instance:com.CheckingOrder@4cb2c100]" name="beforeSuite" is-config="true" duration-ms="48" started-at="2018-02-07T22:51:35Z" finished-at="2018-02-07T22:51:35Z">
          <reporter-output>
          </reporter-output>
        </test-method> <!-- beforeSuite -->
        <test-method status="PASS" signature="beforeTest()[pri:0, instance:com.CheckingOrder@4cb2c100]" name="beforeTest" is-config="true" duration-ms="5" started-at="2018-02-07T22:51:35Z" finished-at="2018-02-07T22:51:35Z">
          <reporter-output>
          </reporter-output>
        </test-method> <!-- beforeTest -->
        <test-method status="PASS" signature="beforeClass()[pri:0, instance:com.CheckingOrder@4cb2c100]" name="beforeClass" is-config="true" duration-ms="1" started-at="2018-02-07T22:51:35Z" finished-at="2018-02-07T22:51:35Z">
          <reporter-output>
          </reporter-output>
        </test-method> <!-- beforeClass -->
        <test-method status="PASS" signature="beforeMethod()[pri:0, instance:com.CheckingOrder@4cb2c100]" name="beforeMethod" is-config="true" duration-ms="2" started-at="2018-02-07T22:51:35Z" finished-at="2018-02-07T22:51:35Z">
          <reporter-output>
          </reporter-output>
        </test-method> <!-- beforeMethod -->
        <test-method status="PASS" signature="testcase1()[pri:0, instance:com.CheckingOrder@4cb2c100]" name="testcase1" duration-ms="28" started-at="2018-02-07T22:51:35Z" finished-at="2018-02-07T22:51:35Z">
          <reporter-output>
          </reporter-output>
        </test-method> <!-- testcase1 -->
        <test-method status="PASS" signature="afterMethod()[pri:0, instance:com.CheckingOrder@4cb2c100]" name="afterMethod" is-config="true" duration-ms="1" started-at="2018-02-07T22:51:35Z" finished-at="2018-02-07T22:51:35Z">
          <reporter-output>
          </reporter-output>
        </test-method> <!-- afterMethod -->
        <test-method status="PASS" signature="beforeMethod()[pri:0, instance:com.CheckingOrder@4cb2c100]" name="beforeMethod" is-config="true" duration-ms="1" started-at="2018-02-07T22:51:35Z" finished-at="2018-02-07T22:51:35Z">
          <reporter-output>
          </reporter-output>
        </test-method> <!-- beforeMethod -->
        <test-method status="PASS" signature="testcase2()[pri:0, instance:com.CheckingOrder@4cb2c100]" name="testcase2" duration-ms="4" started-at="2018-02-07T22:51:35Z" finished-at="2018-02-07T22:51:35Z">
          <reporter-output>
          </reporter-output>
        </test-method> <!-- testcase2 -->
        <test-method status="PASS" signature="afterMethod()[pri:0, instance:com.CheckingOrder@4cb2c100]" name="afterMethod" is-config="true" duration-ms="1" started-at="2018-02-07T22:51:35Z" finished-at="2018-02-07T22:51:35Z">
          <reporter-output>
          </reporter-output>
        </test-method> <!-- afterMethod -->
        <test-method status="PASS" signature="afterClass()[pri:0, instance:com.CheckingOrder@4cb2c100]" name="afterClass" is-config="true" duration-ms="1" started-at="2018-02-07T22:51:35Z" finished-at="2018-02-07T22:51:35Z">
          <reporter-output>
          </reporter-output>
        </test-method> <!-- afterClass -->
        <test-method status="PASS" signature="afterTest()[pri:0, instance:com.CheckingOrder@4cb2c100]" name="afterTest" is-config="true" duration-ms="1" started-at="2018-02-07T22:51:35Z" finished-at="2018-02-07T22:51:35Z">
          <reporter-output>
          </reporter-output>
        </test-method> <!-- afterTest -->
        <test-method status="PASS" signature="afterSuite()[pri:0, instance:com.CheckingOrder@4cb2c100]" name="afterSuite" is-config="true" duration-ms="2" started-at="2018-02-07T22:51:36Z" finished-at="2018-02-07T22:51:36Z">
          <reporter-output>
          </reporter-output>
        </test-method> <!-- afterSuite -->
      </class> <!-- com.CheckingOrder -->
    </test> <!-- Default test -->
  </suite> <!-- Default suite -->
</testng-results>
